<beans xmlns="http://www.springframework.org/schema/beans"
       xmlns:xsi="http://www.w3.org/2001/XMLSchema-instance"
       xmlns:context="http://www.springframework.org/schema/context"
       xsi:schemaLocation="http://www.springframework.org/schema/beans
                           http://www.springframework.org/schema/beans/spring-beans.xsd
                           http://www.springframework.org/schema/context
                           http://www.springframework.org/schema/context/spring-context.xsd">

    <import resource="classpath*:test-sym_persistence-spring-context.xml" />

    <context:component-scan base-package="net.blaklizt.symbiosis.sym_authentication" />
    <context:component-scan base-package="net.blaklizt.symbiosis.sym_persistence" />
    <context:component-scan base-package="net.blaklizt.symbiosis" />

    <context:annotation-config />

</beans>