<beans xmlns="http://www.springframework.org/schema/beans"
       xmlns:tx="http://www.springframework.org/schema/tx"
       xmlns:context="http://www.springframework.org/schema/context"
       xmlns:xsi="http://www.w3.org/2001/XMLSchema-instance"
       xsi:schemaLocation="http://www.springframework.org/schema/beans
        http://www.springframework.org/schema/beans/spring-beans.xsd
        http://www.springframework.org/schema/tx
        http://www.springframework.org/schema/tx/spring-tx.xsd
        http://www.springframework.org/schema/context
        http://www.springframework.org/schema/context/spring-context.xsd">

    <import resource="classpath*:sym_persistence-spring-context.xml" />

    <context:component-scan base-package="net.blaklizt.symbiosis.sym_persistence" />

    <bean class="org.springframework.beans.factory.config.PropertyPlaceholderConfigurer">
        <property name="location" value="classpath:properties/database/application.properties"/>
    </bean>

    <!-- Data Source -->
    <bean id="symbiosisDataSource" class="org.apache.commons.dbcp.BasicDataSource">
        <property name="driverClassName" value="org.hsqldb.jdbcDriver" />
        <property name="url" value="jdbc:hsqldb:file:testdb;shutdown=true" />
        <property name="username" value="SA" />
        <property name="password" value="" />
        <property name="initialSize" value="1" />
        <property name="maxActive" value="5" />
        <property name="poolPreparedStatements" value="true" />
        <property name="maxOpenPreparedStatements" value="10" />
    </bean>


    <bean id="symbiosisSessionFactory" class="org.springframework.orm.hibernate4.LocalSessionFactoryBean">
        <property name="packagesToScan">
            <list>
                <value>net.blaklizt.symbiosis.sym_persistence.entity.enumeration</value>
                <value>net.blaklizt.symbiosis.sym_persistence.entity.config</value>
                <value>net.blaklizt.symbiosis.sym_persistence.entity.simple_type</value>
                <value>net.blaklizt.symbiosis.sym_persistence.entity.complex_type</value>
                <value>net.blaklizt.symbiosis.sym_persistence.dao</value>
                <value>net.blaklizt.symbiosis.sym_persistence.dao.implementation</value>
            </list>
        </property>
        <property name="dataSource" ref="symbiosisDataSource"/>

        <property name="hibernateProperties">
            <props>
                <prop key="hibernate.hbm2ddl.auto">create-drop</prop>
                <prop key="hibernate.use_sql_comments">true</prop>
                <prop key="hibernate.show_sql">true</prop>
                <prop key="hibernate.format_sql">true</prop>
                <prop key="hibernate.connection.characterEncoding">UTF-8</prop>
                <prop key="hibernate.dialect">org.hibernate.dialect.HSQLDialect</prop>
            </props>
        </property>
    </bean>

    <tx:annotation-driven transaction-manager="transactionManager"/>

    <bean id="transactionManager" class="org.springframework.orm.hibernate4.HibernateTransactionManager">
        <property name="sessionFactory" ref="symbiosisSessionFactory"/>
    </bean>
</beans>